<?xml version="1.0" encoding="UTF-8"?>
<!-- Generated by org.testng.reporters.JUnitXMLReporter -->
<testsuite ignored="0" hostname="DESKTOP-PUK703P" failures="0" tests="1" name="Test-Runner2" time="22.751" errors="0" timestamp="2023-05-05T17:44:20 IST">
  <testcase classname="referenceApcfms.test1" name="appcffms" time="16.259"/>
</testsuite> <!-- Test-Runner2 -->
