<?xml version="1.0" encoding="UTF-8"?>
<!-- Generated by org.testng.reporters.JUnitXMLReporter -->
<testsuite ignored="0" hostname="DESKTOP-PUK703P" failures="0" tests="1" name="Test-Runner-Edge" time="31.228" errors="0" timestamp="2023-05-08T11:09:37 IST">
  <testcase classname="referenceApcfms.test1" name="apcfss" time="14.899"/>
</testsuite> <!-- Test-Runner-Edge -->
