<?xml version="1.0" encoding="UTF-8"?>
<!-- Generated by org.testng.reporters.JUnitXMLReporter -->
<testsuite ignored="2" hostname="DESKTOP-PUK703P" failures="1" tests="2" name="Test-Runner-Edge" time="40.773" errors="0" timestamp="2023-05-05T17:41:14 IST">
  <testcase classname="referenceApcfms.test1" name="appcffms" time="14.909"/>
  <testcase classname="referenceApcfms.test2" name="apcfms" time="0.764">
    <failure type="java.lang.AssertionError" message="null">
      <![CDATA[java.lang.AssertionError: null
at referenceApcfms.test2.apcfms(test2.java:19)
at java.base/java.util.ArrayList.forEach(ArrayList.java:1511)
at java.base/java.util.concurrent.FutureTask.run(FutureTask.java:264)
at java.base/java.util.concurrent.ThreadPoolExecutor.runWorker(ThreadPoolExecutor.java:1136)
at java.base/java.util.concurrent.ThreadPoolExecutor$Worker.run(ThreadPoolExecutor.java:635)
at java.base/java.lang.Thread.run(Thread.java:833)
... Removed 20 stack frames]]>
    </failure>
  </testcase> <!-- apcfms -->
  <testcase classname="genericLibrary.BaseClass" name="@AfterSuite asSuite" time="0.0">
    <ignored/>
  </testcase> <!-- @AfterSuite asSuite -->
  <testcase classname="genericLibrary.BaseClass" name="@BeforeSuite bsConfig" time="0.0">
    <ignored/>
  </testcase> <!-- @BeforeSuite bsConfig -->
</testsuite> <!-- Test-Runner-Edge -->
