<?xml version="1.0" encoding="UTF-8"?>
<!-- Generated by org.testng.reporters.JUnitXMLReporter -->
<testsuite ignored="0" hostname="DESKTOP-PUK703P" failures="1" tests="1" name="Test-Runner-Chrome" time="23.972" errors="0" timestamp="2023-05-08T18:14:25 IST">
  <testcase classname="referenceApcfms.test1" name="apcfss" time="16.765">
    <failure type="java.lang.AssertionError" message="null">
      <![CDATA[java.lang.AssertionError: null
at com.ObjectRepository.OTPRpage.enterOTPRDetailsandSubmit(OTPRpage.java:514)
at referenceApcfms.test1.apcfss(test1.java:19)
at java.base/java.util.ArrayList.forEach(ArrayList.java:1511)
at java.base/java.util.concurrent.FutureTask.run(FutureTask.java:264)
at java.base/java.util.concurrent.ThreadPoolExecutor.runWorker(ThreadPoolExecutor.java:1136)
at java.base/java.util.concurrent.ThreadPoolExecutor$Worker.run(ThreadPoolExecutor.java:635)
at java.base/java.lang.Thread.run(Thread.java:833)
... Removed 20 stack frames]]>
    </failure>
  </testcase> <!-- apcfss -->
</testsuite> <!-- Test-Runner-Chrome -->
