<?xml version="1.0" encoding="UTF-8"?>
<!-- Generated by org.testng.reporters.JUnitXMLReporter -->
<testsuite ignored="0" hostname="DESKTOP-PUK703P" failures="0" tests="1" name="Test-Runner-Chrome" time="23.532" errors="0" timestamp="2023-05-08T11:09:30 IST">
  <testcase classname="referenceApcfms.test1" name="apcfss" time="16.036"/>
</testsuite> <!-- Test-Runner-Chrome -->
