<?xml version="1.0" encoding="UTF-8"?>
<!-- Generated by org.testng.reporters.JUnitReportReporter -->
<testsuite hostname="DESKTOP-PUK703P" failures="0" tests="1" name="referenceApcfms.test1" time="5.142" errors="0" timestamp="2023-05-09T11:52:45 IST" skipped="0">
  <testcase classname="referenceApcfms.test1" name="apcfss" time="5.142"/>
  <system-out/>
</testsuite> <!-- referenceApcfms.test1 -->
