<?xml version="1.0" encoding="UTF-8"?>
<!-- Generated by org.testng.reporters.JUnitReportReporter -->
<testsuite hostname="DESKTOP-PUK703P" failures="0" tests="2" name="referenceApcfms.test1" time="32.905" errors="0" timestamp="2023-05-05T17:44:20 IST" skipped="0">
  <testcase classname="referenceApcfms.test1" name="appcffms" time="16.260"/>
  <system-out/>
  <testcase classname="referenceApcfms.test1" name="appcffms" time="16.645"/>
  <system-out/>
</testsuite> <!-- referenceApcfms.test1 -->
