<?xml version="1.0" encoding="UTF-8"?>
<!-- Generated by org.testng.reporters.JUnitReportReporter -->
<testsuite hostname="DESKTOP-PUK703P" failures="0" tests="1" name="referenceApcfms.CfmsCheck" time="6.555" errors="0" timestamp="2023-05-09T15:36:21 IST" skipped="0">
  <testcase classname="referenceApcfms.CfmsCheck" name="checkSite" time="6.555"/>
  <system-out/>
</testsuite> <!-- referenceApcfms.CfmsCheck -->
