<?xml version="1.0" encoding="UTF-8"?>
<!-- Generated by org.testng.reporters.JUnitReportReporter -->
<testsuite hostname="DESKTOP-PUK703P" failures="0" tests="1" name="referenceApcfms.Prac" time="11.042" errors="0" timestamp="2023-05-09T11:09:10 IST" skipped="0">
  <testcase classname="referenceApcfms.Prac" name="xpath" time="11.042"/>
  <system-out/>
</testsuite> <!-- referenceApcfms.Prac -->
