<?xml version="1.0" encoding="UTF-8"?>
<!-- Generated by org.testng.reporters.JUnitReportReporter -->
<testsuite hostname="DESKTOP-PUK703P" failures="0" tests="1" name="Pract.Irctc" time="60.793" errors="0" timestamp="2023-05-09T11:35:17 IST" skipped="0">
  <testcase classname="Pract.Irctc" name="irctc" time="60.793"/>
  <system-out/>
</testsuite> <!-- Pract.Irctc -->
